Start Scraping
Complte:    0   0   0   0
Complte:    0   0   0   0
Complte:    0   0   0   0
Complte:    0   0   0   0
Complte:    0   0   0   0
Complte:    0   0   0   0
Complte:    0   0   0   0
Complte:    0   0   0   0
Complte:    0   0   0   0
Complte:    0   0   0   0
Complte:    0   0   0   0
Complte:    0   0   0   0
Complte:    0   0   0   0
Complte:    0   0   0   0
Complte:    0   0   0   0
Complte:    0   0   0   0
Complte:    0   0   0   0
Complte:    0   0   0   0
Complte:    0   0   0   0
Complte:    0   0   0   0
Complte:    0   0   0   0
Complte:    0   0   0   0
Complte:    0   0   0   0
Complte:    0   0   0   0
Complte:    1   1   1   1
Complte:    1   1   1   1
Complte:    1   1   1   1
Complte:    1   1   1   1
Complte:    1   1   1   1
Complte:    1   1   1   1
Complte:    1   1   1   1
Complte:    2   2   2   2
Complte:    2   2   2   2
Complte:    2   2   2   2
Complte:    2   2   2   2
Complte:    3   3   3   3
Complte:    3   3   3   3
Complte:    3   3   3   3
Complte:    3   3   3   3
Complte:    4   4   4   4
Complte:    4   4   4   4
Complte:    4   4   4   4
Complte:    4   4   4   5
Complte:    5   5   5   5
Complte:    5   5   5   5
Complte:    5   5   5   5
Complte:    5   5   5   5
Complte:    5   5   5   5
Complte:    5   5   6   6
Complte:    6   6   6   6
Complte:    6   6   6   6
Complte:    6   6   6   6
Complte:    6   6   6   6
Complte:    5   5   5   5
Complte:    5   5   5   5
Complte:    5   4   4   4
Complte:    4   4   4   4
Complte:    4   4   4   4
Complte:    4   4   3   3
Complte:    3   3   3   3
Complte:    3   3   3   3
Complte:    2   2   2   2
Complte:    1   1   1   1
Complte:    1   1   1   1
Complte:    1   0   0   0
Complte:    0   0   0   0
Complte:    0   0   0   0
Complte:    0   0   0   0
Complte:    0   0   0   0
Complte:    0   0   0   0
Complte:    0   0   0   0
Complte:    0   0   0   0
Complte:    0   0   0   0
Complte:    0   0   0   0
Complte:    0   0   0   0
Complte:    0   0   0   0
Complte:    0   0   0   0
Complte:    0   0   0   0
Complte:    0   0   0   0
Complte:    0   0   0   0
Complte:    0   0   0   0
Complte:    0   0   0   0
Complte:    0   0   0   0
Complte:    0   0   0   0
Complte:    0   0   0   0
Complte:    0   0   0   0
Complte:    0   0   0   0
Complte:    0   0   0   0
Complte:    0   0   0   0
Complte:    0   0   0   0
Complte:    0   0   0   0
Complte:    0   0   0   0
Complte:    0   0   0   0
Complte:    0   0   0   0
Complte:    0   0   0   0
Complte:    0   0   0   0
Complte:    0   0   0   0
Complte:    0   0   0   0
Complte:    0   0   0   0
Complte:    0   0   0   0
Complte:    0   0   0   0
Complte:    0   0   0   0
Complte:    0   0   0   0
Complte:    0   0   0   0
Complte:    0   0   0   0
Complte:    0   0   0   0
Complte:    0   0   0   0
Complte:    0   0   0   0
Complte:    0   0   0   0
Complte:    0   0   0   0
Complte:    0   0   0   0
Complte:    0   0   0   0
Complte:    0   0   0   0
Complte:    0   0   0   0
Complte:    0   0   0   0
Complte:    0   0   0   0
Complte:    0   0   0   0
Complte:    0   0   0   0
Complte:    0   0   0   0
Complte:    0   0   0   0
Complte:    0   0   0   0
Complte:    0   0   0   0
Complte:    0   0   0   0
Complte:    0   0   0   0
Complte:    0   0   0   0
Complte:    0   0   0   0
Complte:    0   0   0   0
Complte:    0   0   0   0
Complte:    0   0   0   0
Complte:    0   0   0   0
Complte:    0   0   0   0
Complte:    0   0   0   0
Complte:    0   0   0   0
Complte:    0   0   0   0
Complte:    0   0   0   0
Complte:    0   0   0   0
Complte:    0   0   0   0
Complte:    0   0   0   0
Complte:    0   0   0   0
Complte:    0   0   0   0
Complte:    0   0   0   0
Complte:    0   0   0   0
Complte:    0   0   0   0
Complte:    0   0   0   0
Complte:    0   0   0   0
Complte:    0   0   0   0
Complte:    0   0   0   0
Complte:    0   0   0   0
Complte:    0   0   0   0
Complte:    0   0   0   0
Complte:    0   0   0   0
Complte:    0   0   0   0
Complte:    0   0   0   0
Complte:    0   0   0   0
Complte:    0   0   0   0
Complte:    0   0   0   0
Complte:    0   0   0   0
Complte:    0   0   0   0
Complte:    0   0   0   0
Complte:    0   0   0   0
Complte:    0   0   0   0
Complte:    0   0   0   0
Complte:    0   0   0   0
Complte:    0   0   0   0
Complte:    0   0   0   0
Complte:    0   0   0   0
Complte:    0   0   0   0
Complte:    0   0   0   0
Complte:    0   0   0   0
Complte:    0   0   0   0
Complte:    0   0   0   0
Complte:    0   0   0   0
Complte:    0   0   0   0
Complte:    0   0   0   0
Complte:    0   0   0   0
Complte:    0   0   0   0
Complte:    0   0   0   0
Complte:    0   0   0   0
Complte:    0   0   0   0
Complte:    0   0   0   0
Complte:    0   0   0   0
Complte:    0   0   0   0
Complte:    0   0   0   0
Complte:    0   0   0   0
Complte:    0   0   0   0
Complte:    0   0   0   0
Complte:    0   0   0   0
Complte:    0   0   0   0
Complte:    0   0   0   0
Complte:    0   0   0   0
Complte:    0   0   0   0
Complte:    0   0   0   0
Complte:    0   0   0   0
Complte:    0   0   0   0
Complte:    0   0   0   0
Complte:    0   0   0   0
Complte:    0   0   0   0
Complte:    0   0   0   0
Complte:    0   0   0   0
Complte:    0   0   0   0
Complte:    0   0   0   0
Complte:    0   0   0   0
Complte:    0   0   0   0
Complte:    0   0   0   0
Complte:    0   0   0   0
Complte:    0   0   0   0
Complte:    0   0   0   0
Complte:    0   0   0   0
Complte:    0   0   0   0
Complte:    0   0   0   0
Complte:    0   0   0   0
Complte:    0   0   0   0
Complte:    0   0   0   0
Complte:    0   0   0   0
Complte:    0   0   0   0
Complte:    0   0   0   0
Complte:    0   0   0   0
Complte:    0   0   0   0
Complte:    0   0   0   0
Complte:    0   0   0   0
Complte:    0   0   0   0
Complte:    0   0   0   0
Complte:    0   0   0   0
Complte:    0   0   0   0
Complte:    0   0   0   0
Complte:    0   0   0   0
Complte:    0   0   0   0
Complte:    0   0   0   0
Complte:    0   0   0   0
Complte:    0   0   0   0
Complte:    0   0   0   0
Complte:    0   0   0   0
Complte:    0   0   0   0
Complte:    0   0   0   0
Complte:    0   0   0   0
Complte:    0   0   0   0
Complte:    0   0   0   0
Complte:    0   0   0   0
Complte:    0   0   0   0
Complte:    0   0   0   0
Complte:    0   0   0   0
Complte:    0   0   0   0
Complte:    0   0   0   0
Complte:    0   0   0   0
Complte:    0   0   0   0
Complte:    0   0   0   0
Complte:    0   0   0   0
Complte:    0   0   0   0
Complte:    0   0   0   0
Complte:    0   0   0   0
Complte:    0   0   0   0
Complte:    0   0   0   0
Complte:    0   0   0   0
Complte:    0   0   0   0
Complte:    0   0   0   0
Complte:    0   0   0   0
Complte:    0   0   0   0
Complte:    0   0   0   0
Complte:    0   0   0   0
Complte:    0   0   0   0
Complte:    0   0   0   0
Complte:    0   0   0   0
Complte:    0   0   0   0
Complte:    0   0   0   0
Complte:    0   0   0   0
Complte:    0   0   0   0
Complte:    0   0   0   0
Complte:    0   0   0   0
Complte:    0   0   0   0
Complte:    0   0   0   0
Complte:    0   0   0   0
Complte:    0   0   0   0
Complte:    0   0   0   0
Complte:    0   0   0   0
Complte:    0   0   0   0
Complte:    0   0   0   0
Complte:    0   0   0   0
Complte:    0   0   0   0
Complte:    0   0   0   0
Complte:    0   0   0   0
Complte:    0   0   0   0
Complte:    0   0   0   0
Complte:    0   0   0   0
Complte:    0   0   0   0
Complte:    0   0   0   0
Complte:    0   0   0   0
Complte:    0   0   0   0
Complte:    0   0   0   0
Complte:    0   0   0   0
Complte:    0   0   0   0
Complte:    0   0   0   0
Complte:    0   0   0   0
Complte:    0   0   0   0
Complte:    0   0   0   0
Complte:    0   0   0   0
Complte:    0   0   0   0
Complte:    0   0   0   0
Complte:    0   0   0   0
Complte:    0   0   0   0
Complte:    0   0   0   0
Complte:    0   0   0   0
Complte:    0   0   0   0
Complte:    0   0   0   0
Complte:    0   0   0   0
Complte:    0   0   0   0
Complte:    0   0   0   0
Complte:    0   0   0   0
Complte:    0   0   0   0
Complte:    0   0   0   0
Complte:    0   0   0   0
Complte:    0   0   0   0
Complte:    0   0   0   0
Complte:    0   0   0   0
Complte:    0   0   0   0
Complte:    0   0   0   0
Complte:    0   0   0   0
Complte:    0   0   0   0
Complte:    0   0   0   0
Complte:    0   0   0   0
Complte:    0   0   0   0
Complte:    0   0   0   0
Complte:    0   0   0   0
Complte:    0   0   0   0
Complte:    0   0   0   0
Complte:    0   0   0   0
Complte:    0   0   0   0
Complte:    0   0   0   0
Complte:    0   0   0   0
Complte:    0   0   0   0
Complte:    0   0   0   0
Complte:    0   0   0   0
Complte:    0   0   0   0
Complte:    0   0   0   0
Complte:    0   0   0   0
Complte:    0   0   0   0
Complte:    0   0   0   0
Complte:    0   0   0   0
Complte:    0   0   0   0
Complte:    0   0   0   0
Complte:    0   0   0   0
Complte:    0   0   0   0
Complte:    0   0   0   0
Complte:    0   0   0   0
Complte:    0   0   0   0
Complte:    0   0   0   0
Complte:    0   0   0   0
Complte:    0   0   0   0
Complte:    0   0   0   0
Complte:    0   0   0   0
Complte:    0   0   0   0
Complte:    0   0   0   0
Complte:    0   0   0   0
Complte:    0   0   0   0
Complte:    0   0   0   0
Complte:    0   0   0   0
Complte:    0   0   0   0
Complte:    0   0   0   0
Complte:    0   0   0   0
Complte:    0   0   0   0
Complte:    0   0   0   0
Complte:    0   0   0   0
Complte:    0   0   0   0
Complte:    0   0   0   0
Complte:    0   0   0   0
Complte:    0   0   0   0
Complte:    0   0   0   0
Complte:    0   0   0   0
Complte:    0   0   0   0
Complte:    0   0   0   0
Complte:    0   0   0   0
Complte:    0   0   0   0
Complte:    0   0   0   0
Complte:    0   0   0   0
Complte:    0   0   0   0
Complte:    0   0   0   0
Complte:    0   0   0   0
Complte:    0   0   0   0
Complte:    0   0   0   0
Complte:    0   0   0   0
Complte:    0   0   0   0
Complte:    0   0   0   0
Complte:    0   0   0   0
Complte:    0   0   0   0
Complte:    0   0   0   0
Complte:    0   0   0   0
Complte:    0   0   0   0
Complte:    0   0   0   0
Complte:    0   0   0   0
Complte:    0   0   0   0
Complte:    0   0   0   0
Complte:    0   0   0   0
Complte:    0   0   0   0
Complte:    0   0   0   0
Complte:    0   0   0   0
Complte:    0   0   0   0
Complte:    0   0   0   0
Complte:    0   0   0   0
Complte:    0   0   0   0
Complte:    0   0   0   0
Complte:    0   0   0   0
Complte:    0   0   0   0
Complte:    0   0   0   0
Complte:    0   0   0   0
Complte:    0   0   0   0
Complte:    0   0   0   0
Complte:    0   0   0   0
Complte:    0   0   0   0
Complte:    0   0   0   0
Complte:    0   0   0   0
Complte:    0   0   0   0
Complte:    0   0   0   0
Complte:    0   0   0   0
Complte:    0   0   0   0
Complte:    0   0   0   0
Complte:    0   0   0   0
Complte:    0   0   0   0
Complte:    0   0   0   0
Complte:    0   0   0   0
Complte:    0   0   0   0
Complte:    0   0   0   0
Complte:    0   0   0   0
Complte:    0   0   0   0
Complte:    0   0   0   0
Complte:    0   0   0   0
Complte:    0   0   0   0
Complte:    0   0   0   0
Complte:    0   0   0   0
Complte:    0   0   0   0
Complte:    0   0   0   0
Complte:    0   0   0   0
Complte:    0   0   0   0
Complte:    0   0   0   0
Complte:    0   0   0   0
Complte:    0   0   0   0
Complte:    0   0   0   0
Complte:    0   0   0   0
Complte:    0   0   0   0
Complte:    0   0   0   0
Complte:    0   0   0   0
Complte:    0   0   0   0
Complte:    0   0   0   0
Complte:    0   0   0   0
Complte:    0   0   0   0
Complte:    0   0   0   0
Complte:    0   0   0   0
Complte:    0   0   0   0
Complte:    0   0   0   0
Complte:    0   0   0   0
Complte:    0   0   0   0
Complte:    0   0   0   0
Complte:    0   0   0   0
Complte:    0   0   0   0
Complte:    0   0   0   0
Complte:    0   0   0   0
Complte:    0   0   0   0
Complte:    0   0   0   0
Complte:    0   0   0   0
Complte:    0   0   0   0
Complte:    0   0   0   0
Complte:    0   0   0   0
Complte:    0   0   0   0
Complte:    0   0   0   0
Complte:    0   0   0   0
Complte:    1   1   1   1
Complte:    1   1   1   1
Complte:    1   1   1   1
Complte:    1   1   1   1
Complte:    1   1   1   1
Complte:    1   1   1   1
Complte:    1   1   1   1
Complte:    2   2   2   2
Complte:    2   2   2   2
Complte:    2   2   2   2
Complte:    2   2   2   2
Complte:    2   2   2   2
Complte:    2   2   2   2
Complte:    2   2   2   2
Complte:    2   3   3   3
Complte:    3   3   3   3
Complte:    3   3   3   3
Complte:    4   4   4   4
Complte:    4   4   4   4
Complte:    4   4   4   4
Complte:    4   4   4   4
Complte:    4   4   4   4
Complte:    4   4   4   4
Complte:    4   4   4   4
Complte:    4   4   4   4
Complte:    5   5   5   5
Complte:    5   5   5   5
Complte:    5   5   5   5
Complte:    5   5   5   5
Complte:    5   5   5   5
Complte:    5   5   5   5
Complte:    5   5   5   5
Complte:    5   5   5   5
Complte:    5   5   5   5
Complte:    5   5   5   5
Complte:    5   5   5   5
Complte:    5   5   5   5
Complte:    5   5   5   5
Complte:    5   5   5   5
Complte:    5   5   5   5
Complte:    5   5   5   5
Complte:    5   5   5   5
Complte:    5   5   5   5
Complte:    5   5   5   5
Complte:    5   5   5   5
Complte:    5   5   5   5
Complte:    4   4   4   4
Complte:    2   2   2   2
Complte:    0   0   0   0
