Base path: 'C:/Program Files/Unity/Hub/Editor/2019.2.2f1/Editor/Data', plugins path 'C:/Program Files/Unity/Hub/Editor/2019.2.2f1/Editor/Data/PlaybackEngines'
Cmd: initializeCompiler
Cmd: preprocessCompute
  insize=4809 outsize=4811 ok=1
Cmd: preprocessCompute
  insize=3598 outsize=3600 ok=1
Cmd: preprocess
  insize=12423 outsize=438 ok=1
Cmd: preprocessCompute
  insize=1626 outsize=1628 ok=1
Cmd: preprocessCompute
  insize=4828 outsize=4830 ok=1
Cmd: preprocessCompute
  insize=3598 outsize=3600 ok=1
Cmd: preprocess
  insize=12423 outsize=438 ok=1
Cmd: preprocessCompute
  insize=1626 outsize=1628 ok=1
Cmd: preprocessCompute
  insize=4838 outsize=4840 ok=1
Cmd: preprocessCompute
  insize=3620 outsize=3622 ok=1
Cmd: compileComputeKernel
  api=4 insize=3622 outsize=1512 ok=1
Cmd: preprocess
  insize=9513 outsize=423 ok=1
Cmd: preprocessCompute
  insize=1628 outsize=1630 ok=1
Cmd: compileComputeKernel
  api=4 insize=1630 outsize=1398 ok=1
Cmd: preprocessCompute
  insize=4838 outsize=4840 ok=1
Cmd: preprocessCompute
  insize=3620 outsize=3622 ok=1
Cmd: preprocess
  insize=9786 outsize=423 ok=1
Cmd: preprocessCompute
  insize=1628 outsize=1630 ok=1
Cmd: preprocessCompute
  insize=4838 outsize=4840 ok=1
Cmd: preprocessCompute
  insize=3620 outsize=3622 ok=1
Cmd: preprocess
  insize=9513 outsize=423 ok=1
Cmd: preprocessCompute
  insize=1628 outsize=1630 ok=1
Cmd: preprocessCompute
  insize=4838 outsize=4840 ok=1
Cmd: preprocessCompute
  insize=3620 outsize=3622 ok=1
Cmd: preprocess
  insize=9786 outsize=423 ok=1
Cmd: preprocessCompute
  insize=1628 outsize=1630 ok=1
Cmd: preprocessCompute
  insize=4838 outsize=4840 ok=1
Cmd: preprocessCompute
  insize=3620 outsize=3622 ok=1
Cmd: preprocess
  insize=9786 outsize=423 ok=1
Cmd: preprocessCompute
  insize=1628 outsize=1630 ok=1
Cmd: preprocessCompute
  insize=4836 outsize=4838 ok=1
Cmd: compileComputeKernel
  api=4 insize=4838 outsize=2259 ok=1
Cmd: preprocessCompute
  insize=4999 outsize=5001 ok=1
Cmd: compileComputeKernel
  api=4 insize=5001 outsize=2301 ok=1
Cmd: preprocess
  insize=9786 outsize=423 ok=1
Cmd: preprocessCompute
  insize=1628 outsize=1630 ok=1
Cmd: preprocessCompute
  insize=5892 outsize=5894 ok=1
Cmd: compileComputeKernel
  api=4 insize=5894 outsize=2872 ok=1
Cmd: preprocessCompute
  insize=4999 outsize=5001 ok=1
Cmd: compileComputeKernel
  api=4 insize=5001 outsize=2301 ok=1
Cmd: preprocess
  insize=9786 outsize=423 ok=1
Cmd: preprocessCompute
  insize=1628 outsize=1630 ok=1
Cmd: preprocessCompute
  insize=4916 outsize=4918 ok=1
Cmd: compileComputeKernel
  api=4 insize=4918 outsize=2299 ok=1
Cmd: preprocessCompute
  insize=3870 outsize=3872 ok=1
Cmd: preprocess
  insize=9670 outsize=423 ok=1
Cmd: preprocessCompute
  insize=1598 outsize=1600 ok=1
Cmd: compileComputeKernel
  api=4 insize=1600 outsize=1285 ok=1
Cmd: preprocessCompute
  insize=4916 outsize=4918 ok=1
Cmd: preprocessCompute
  insize=3870 outsize=3872 ok=1
Cmd: preprocess
  insize=9670 outsize=423 ok=1
Cmd: preprocessCompute
  insize=1598 outsize=1600 ok=1
Cmd: compileSnippet
  api=4 type=0 insize=9581 outsize=3422 kw= pd=UNITY_ENABLE_REFLECTION_BUFFERS UNITY_USE_DITHER_MASK_FOR_ALPHABLENDED_SHADOWS UNITY_PBS_USE_BRDF1 UNITY_SPECCUBE_BOX_PROJECTION UNITY_SPECCUBE_BLENDING UNITY_ENABLE_DETAIL_NORMALMAP SHADER_API_DESKTOP UNITY_LIGHT_PROBE_PROXY_VOLUME UNITY_LIGHTMAP_FULL_HDR ok=1
Cmd: compileSnippet
  api=4 type=1 insize=9581 outsize=6010 kw= pd=UNITY_ENABLE_REFLECTION_BUFFERS UNITY_USE_DITHER_MASK_FOR_ALPHABLENDED_SHADOWS UNITY_PBS_USE_BRDF1 UNITY_SPECCUBE_BOX_PROJECTION UNITY_SPECCUBE_BLENDING UNITY_ENABLE_DETAIL_NORMALMAP SHADER_API_DESKTOP UNITY_LIGHT_PROBE_PROXY_VOLUME UNITY_LIGHTMAP_FULL_HDR ok=1
Cmd: preprocessCompute
  insize=5126 outsize=5128 ok=1
Cmd: preprocessCompute
  insize=4329 outsize=4331 ok=1
Cmd: compileComputeKernel
  api=4 insize=4331 outsize=1918 ok=1
Cmd: preprocess
  insize=10472 outsize=423 ok=1
Cmd: preprocessCompute
  insize=1598 outsize=1600 ok=1
Cmd: preprocessCompute
  insize=5126 outsize=5128 ok=1
Cmd: preprocessCompute
  insize=4329 outsize=4331 ok=1
Cmd: preprocess
  insize=10403 outsize=423 ok=1
Cmd: preprocessCompute
  insize=1598 outsize=1600 ok=1
Cmd: compileSnippet
  api=4 type=0 insize=10314 outsize=3650 kw= pd=UNITY_ENABLE_REFLECTION_BUFFERS UNITY_USE_DITHER_MASK_FOR_ALPHABLENDED_SHADOWS UNITY_PBS_USE_BRDF1 UNITY_SPECCUBE_BOX_PROJECTION UNITY_SPECCUBE_BLENDING UNITY_ENABLE_DETAIL_NORMALMAP SHADER_API_DESKTOP UNITY_LIGHT_PROBE_PROXY_VOLUME UNITY_LIGHTMAP_FULL_HDR ok=1
Cmd: compileSnippet
  api=4 type=1 insize=10314 outsize=6010 kw= pd=UNITY_ENABLE_REFLECTION_BUFFERS UNITY_USE_DITHER_MASK_FOR_ALPHABLENDED_SHADOWS UNITY_PBS_USE_BRDF1 UNITY_SPECCUBE_BOX_PROJECTION UNITY_SPECCUBE_BLENDING UNITY_ENABLE_DETAIL_NORMALMAP SHADER_API_DESKTOP UNITY_LIGHT_PROBE_PROXY_VOLUME UNITY_LIGHTMAP_FULL_HDR ok=1
Cmd: preprocessCompute
  insize=5126 outsize=5128 ok=1
Cmd: preprocessCompute
  insize=4329 outsize=4331 ok=1
Cmd: preprocess
  insize=10403 outsize=423 ok=1
Cmd: preprocessCompute
  insize=1598 outsize=1600 ok=1
Cmd: preprocessCompute
  insize=5126 outsize=5128 ok=1
Cmd: preprocessCompute
  insize=2940 outsize=2942 ok=1
Cmd: preprocess
  insize=10403 outsize=423 ok=1
Cmd: preprocessCompute
  insize=1598 outsize=1600 ok=1
Cmd: preprocessCompute
  insize=5126 outsize=5128 ok=1
Cmd: preprocessCompute
  insize=3519 outsize=3521 ok=1
Cmd: preprocess
  insize=10403 outsize=423 ok=1
Cmd: preprocessCompute
  insize=1598 outsize=1600 ok=1
Cmd: preprocessCompute
  insize=5126 outsize=5128 ok=1
Cmd: preprocessCompute
  insize=3519 outsize=3521 ok=1
Cmd: preprocess
  insize=10403 outsize=423 ok=1
Cmd: preprocessCompute
  insize=1598 outsize=1600 ok=1
Cmd: preprocessCompute
  insize=5284 outsize=5286 ok=1
Cmd: compileComputeKernel
  api=4 insize=5286 outsize=2407 ok=1
Cmd: preprocessCompute
  insize=4183 outsize=4185 ok=1
Cmd: preprocess
  insize=10405 outsize=423 ok=1
Cmd: preprocessCompute
  insize=1599 outsize=1601 ok=1
Cmd: compileComputeKernel
  api=4 insize=1601 outsize=1285 ok=1
Cmd: preprocessCompute
  insize=5284 outsize=5286 ok=1
Cmd: preprocessCompute
  insize=4475 outsize=4477 ok=1
Cmd: compileComputeKernel
  api=4 insize=4477 outsize=1495 ok=1
Cmd: preprocess
  insize=10405 outsize=423 ok=1
Cmd: preprocessCompute
  insize=1599 outsize=1601 ok=1
Cmd: preprocessCompute
  insize=5126 outsize=5128 ok=1
Cmd: preprocessCompute
  insize=3832 outsize=3834 ok=1
Cmd: preprocess
  insize=10403 outsize=423 ok=1
Cmd: preprocessCompute
  insize=1598 outsize=1600 ok=1
Cmd: preprocessCompute
  insize=5126 outsize=5128 ok=1
Cmd: preprocessCompute
  insize=4742 outsize=4744 ok=1
Cmd: preprocess
  insize=10403 outsize=423 ok=1
Cmd: preprocessCompute
  insize=1598 outsize=1600 ok=1
Cmd: preprocessCompute
  insize=5126 outsize=5128 ok=1
Cmd: preprocessCompute
  insize=4742 outsize=4744 ok=1
Cmd: preprocess
  insize=10403 outsize=423 ok=1
Cmd: preprocessCompute
  insize=1598 outsize=1600 ok=1
Cmd: preprocessCompute
  insize=4941 outsize=4943 ok=1
Cmd: preprocessCompute
  insize=4619 outsize=4621 ok=1
Cmd: preprocess
  insize=10474 outsize=423 ok=1
Cmd: preprocessCompute
  insize=1598 outsize=1600 ok=1
Cmd: preprocessCompute
  insize=5126 outsize=5128 ok=1
Cmd: preprocessCompute
  insize=4742 outsize=4744 ok=1
Cmd: preprocess
  insize=10403 outsize=423 ok=1
Cmd: preprocessCompute
  insize=1598 outsize=1600 ok=1
Cmd: preprocessCompute
  insize=5126 outsize=5128 ok=1
Cmd: preprocessCompute
  insize=4164 outsize=4166 ok=1
Cmd: preprocess
  insize=10403 outsize=423 ok=1
Cmd: preprocessCompute
  insize=1598 outsize=1600 ok=1
Cmd: preprocessCompute
  insize=5126 outsize=5128 ok=1
Cmd: preprocessCompute
  insize=4164 outsize=4166 ok=1
Cmd: preprocess
  insize=10132 outsize=423 ok=1
Cmd: preprocessCompute
  insize=1598 outsize=1600 ok=1
Cmd: preprocessCompute
  insize=5126 outsize=5128 ok=1
Cmd: preprocessCompute
  insize=4164 outsize=4166 ok=1
Cmd: preprocess
  insize=10132 outsize=423 ok=1
Cmd: preprocessCompute
  insize=1598 outsize=1600 ok=1
Cmd: preprocessCompute
  insize=5126 outsize=5128 ok=1
Cmd: preprocessCompute
  insize=5668 outsize=5670 ok=1
Cmd: preprocess
  insize=10132 outsize=423 ok=1
Cmd: preprocessCompute
  insize=1598 outsize=1600 ok=1
Cmd: preprocessCompute
  insize=5126 outsize=5128 ok=1
Cmd: preprocessCompute
  insize=5668 outsize=5670 ok=1
Cmd: preprocess
  insize=10132 outsize=423 ok=1
Cmd: preprocessCompute
  insize=1598 outsize=1600 ok=1
Cmd: preprocessCompute
  insize=5126 outsize=5128 ok=1
Cmd: preprocessCompute
  insize=5668 outsize=5670 ok=1
Cmd: preprocess
  insize=10132 outsize=423 ok=1
Cmd: preprocessCompute
  insize=1598 outsize=1600 ok=1
Cmd: preprocessCompute
  insize=4941 outsize=4943 ok=1
Cmd: preprocessCompute
  insize=5353 outsize=5355 ok=1
Cmd: preprocess
  insize=10225 outsize=423 ok=1
Cmd: preprocessCompute
  insize=1598 outsize=1600 ok=1
Cmd: preprocessCompute
  insize=5126 outsize=5128 ok=1
Cmd: preprocessCompute
  insize=5668 outsize=5670 ok=1
Cmd: preprocess
  insize=10132 outsize=423 ok=1
Cmd: preprocessCompute
  insize=1598 outsize=1600 ok=1
Cmd: preprocessCompute
  insize=5126 outsize=5128 ok=1
Cmd: preprocessCompute
  insize=5668 outsize=5670 ok=1
Cmd: preprocess
  insize=10132 outsize=423 ok=1
Cmd: preprocessCompute
  insize=1598 outsize=1600 ok=1
Cmd: preprocessCompute
  insize=5409 outsize=5411 ok=1
Cmd: compileComputeKernel
  api=4 insize=5411 outsize=1999 ok=1
Cmd: preprocessCompute
  insize=5668 outsize=5670 ok=1
Cmd: preprocess
  insize=10132 outsize=423 ok=1
Cmd: preprocessCompute
  insize=1598 outsize=1600 ok=1
Cmd: preprocessCompute
  insize=5030 outsize=5032 ok=1
Cmd: compileComputeKernel
  api=4 insize=5032 outsize=1891 ok=1
Cmd: preprocessCompute
  insize=5668 outsize=5670 ok=1
Cmd: preprocess
  insize=10126 outsize=421 ok=1
Cmd: preprocessCompute
  insize=1595 outsize=1597 ok=1
Cmd: preprocessCompute
  insize=5030 outsize=5032 ok=1
Cmd: preprocessCompute
  insize=5668 outsize=5670 ok=1
Cmd: preprocess
  insize=10126 outsize=421 ok=1
Cmd: preprocessCompute
  insize=1595 outsize=1597 ok=1
Cmd: preprocessCompute
  insize=4864 outsize=4866 ok=1
Cmd: compileComputeKernel
  api=4 insize=4866 outsize=1608 ok=1
Cmd: preprocessCompute
  insize=5357 outsize=5359 ok=1
Cmd: preprocess
  insize=10219 outsize=423 ok=1
Cmd: preprocessCompute
  insize=1595 outsize=1597 ok=1
Cmd: preprocessCompute
  insize=5030 outsize=5032 ok=1
Cmd: preprocessCompute
  insize=5668 outsize=5670 ok=1
Cmd: preprocess
  insize=10126 outsize=421 ok=1
Cmd: preprocessCompute
  insize=1595 outsize=1597 ok=1
Cmd: preprocessCompute
  insize=5030 outsize=5032 ok=1
Cmd: preprocessCompute
  insize=5668 outsize=5670 ok=1
Cmd: preprocess
  insize=10126 outsize=421 ok=1
Cmd: preprocessCompute
  insize=1595 outsize=1597 ok=1
Cmd: preprocessCompute
  insize=5420 outsize=5422 ok=1
Cmd: preprocessCompute
  insize=5668 outsize=5670 ok=1
Cmd: compileComputeKernel
  error: 1 plat 4 at NewSolarWind.vfx(155): pow(f, e) will not work for negative f, use abs(f) or conditionally handle negative values if you expect them
  api=4 insize=5670 outsize=2636 ok=1
Cmd: preprocess
  insize=10126 outsize=421 ok=1
Cmd: preprocessCompute
  insize=1595 outsize=1597 ok=1
Cmd: preprocessCompute
  insize=5030 outsize=5032 ok=1
Cmd: preprocessCompute
  insize=5668 outsize=5670 ok=1
Cmd: preprocess
  insize=10126 outsize=421 ok=1
Cmd: preprocessCompute
  insize=1595 outsize=1597 ok=1
Cmd: preprocessCompute
  insize=4788 outsize=4790 ok=1
Cmd: preprocessCompute
  insize=5668 outsize=5670 ok=1
Cmd: preprocess
  insize=10126 outsize=421 ok=1
Cmd: preprocessCompute
  insize=1595 outsize=1597 ok=1
Cmd: preprocessCompute
  insize=5126 outsize=5128 ok=1
Cmd: preprocessCompute
  insize=5668 outsize=5670 ok=1
Cmd: preprocess
  insize=10132 outsize=423 ok=1
Cmd: preprocessCompute
  insize=1598 outsize=1600 ok=1
Cmd: preprocessCompute
  insize=5126 outsize=5128 ok=1
Cmd: preprocessCompute
  insize=5668 outsize=5670 ok=1
Cmd: preprocess
  insize=10132 outsize=423 ok=1
Cmd: preprocessCompute
  insize=1598 outsize=1600 ok=1
Cmd: preprocessCompute
  insize=5126 outsize=5128 ok=1
Cmd: preprocessCompute
  insize=5668 outsize=5670 ok=1
Cmd: preprocess
  insize=10132 outsize=423 ok=1
Cmd: preprocessCompute
  insize=1598 outsize=1600 ok=1
Cmd: preprocessCompute
  insize=5126 outsize=5128 ok=1
Cmd: preprocessCompute
  insize=6264 outsize=6266 ok=1
Cmd: compileComputeKernel
  error: 1 plat 4 at NewSolarWind.vfx(170): pow(f, e) will not work for negative f, use abs(f) or conditionally handle negative values if you expect them
  api=4 insize=6266 outsize=2636 ok=1
Cmd: preprocess
  insize=10132 outsize=423 ok=1
Cmd: preprocessCompute
  insize=1598 outsize=1600 ok=1
Cmd: preprocessCompute
  insize=5126 outsize=5128 ok=1
Cmd: preprocessCompute
  insize=6264 outsize=6266 ok=1
Cmd: preprocess
  insize=10132 outsize=423 ok=1
Cmd: preprocessCompute
  insize=1598 outsize=1600 ok=1
Cmd: preprocessCompute
  insize=4941 outsize=4943 ok=1
Cmd: compileComputeKernel
  api=4 insize=4943 outsize=1888 ok=1
Cmd: preprocessCompute
  insize=5685 outsize=5687 ok=1
Cmd: preprocess
  insize=10225 outsize=423 ok=1
Cmd: preprocessCompute
  insize=1598 outsize=1600 ok=1
Cmd: preprocessCompute
  insize=5126 outsize=5128 ok=1
Cmd: preprocessCompute
  insize=6264 outsize=6266 ok=1
Cmd: preprocess
  insize=10132 outsize=423 ok=1
Cmd: preprocessCompute
  insize=1598 outsize=1600 ok=1
Cmd: preprocessCompute
  insize=5126 outsize=5128 ok=1
Cmd: preprocessCompute
  insize=6264 outsize=6266 ok=1
Cmd: preprocess
  insize=10132 outsize=423 ok=1
Cmd: preprocessCompute
  insize=1598 outsize=1600 ok=1
Cmd: preprocessCompute
  insize=5126 outsize=5128 ok=1
Cmd: preprocessCompute
  insize=6264 outsize=6266 ok=1
Cmd: preprocess
  insize=10132 outsize=423 ok=1
Cmd: preprocessCompute
  insize=1598 outsize=1600 ok=1
Cmd: preprocessCompute
  insize=5126 outsize=5128 ok=1
Cmd: preprocessCompute
  insize=6264 outsize=6266 ok=1
Cmd: preprocess
  insize=10132 outsize=423 ok=1
Cmd: preprocessCompute
  insize=1598 outsize=1600 ok=1
Cmd: preprocessCompute
  insize=5126 outsize=5128 ok=1
Cmd: preprocessCompute
  insize=6264 outsize=6266 ok=1
Cmd: preprocess
  insize=10132 outsize=423 ok=1
Cmd: preprocessCompute
  insize=1598 outsize=1600 ok=1
Cmd: preprocessCompute
  insize=5126 outsize=5128 ok=1
Cmd: preprocessCompute
  insize=6264 outsize=6266 ok=1
Cmd: preprocess
  insize=10132 outsize=423 ok=1
Cmd: preprocessCompute
  insize=1598 outsize=1600 ok=1
Cmd: preprocessCompute
  insize=5126 outsize=5128 ok=1
Cmd: preprocessCompute
  insize=6264 outsize=6266 ok=1
Cmd: preprocess
  insize=10132 outsize=423 ok=1
Cmd: preprocessCompute
  insize=1598 outsize=1600 ok=1
Cmd: preprocessCompute
  insize=5126 outsize=5128 ok=1
Cmd: preprocessCompute
  insize=6264 outsize=6266 ok=1
Cmd: preprocess
  insize=10132 outsize=423 ok=1
Cmd: preprocessCompute
  insize=1598 outsize=1600 ok=1
Cmd: preprocessCompute
  insize=5126 outsize=5128 ok=1
Cmd: preprocessCompute
  insize=6264 outsize=6266 ok=1
Cmd: preprocess
  insize=10132 outsize=423 ok=1
Cmd: preprocessCompute
  insize=1598 outsize=1600 ok=1
Cmd: preprocessCompute
  insize=5126 outsize=5128 ok=1
Cmd: preprocessCompute
  insize=6264 outsize=6266 ok=1
Cmd: preprocess
  insize=10132 outsize=423 ok=1
Cmd: preprocessCompute
  insize=1598 outsize=1600 ok=1
Cmd: preprocessCompute
  insize=5126 outsize=5128 ok=1
Cmd: preprocessCompute
  insize=6264 outsize=6266 ok=1
Cmd: preprocess
  insize=10132 outsize=423 ok=1
Cmd: preprocessCompute
  insize=1598 outsize=1600 ok=1
Cmd: preprocessCompute
  insize=5126 outsize=5128 ok=1
Cmd: preprocessCompute
  insize=6264 outsize=6266 ok=1
Cmd: preprocess
  insize=10132 outsize=423 ok=1
Cmd: preprocessCompute
  insize=1598 outsize=1600 ok=1
Cmd: preprocessCompute
  insize=5126 outsize=5128 ok=1
Cmd: preprocessCompute
  insize=6264 outsize=6266 ok=1
Cmd: preprocess
  insize=10132 outsize=423 ok=1
Cmd: preprocessCompute
  insize=1598 outsize=1600 ok=1
Cmd: preprocessCompute
  insize=5126 outsize=5128 ok=1
Cmd: preprocessCompute
  insize=6264 outsize=6266 ok=1
Cmd: preprocess
  insize=10132 outsize=423 ok=1
Cmd: preprocessCompute
  insize=1598 outsize=1600 ok=1
Cmd: preprocessCompute
  insize=5126 outsize=5128 ok=1
Cmd: preprocessCompute
  insize=6264 outsize=6266 ok=1
Cmd: preprocess
  insize=10132 outsize=423 ok=1
Cmd: preprocessCompute
  insize=1598 outsize=1600 ok=1
Cmd: preprocessCompute
  insize=5126 outsize=5128 ok=1
Cmd: preprocessCompute
  insize=6264 outsize=6266 ok=1
Cmd: preprocess
  insize=10132 outsize=423 ok=1
Cmd: preprocessCompute
  insize=1598 outsize=1600 ok=1
Cmd: preprocessCompute
  insize=5126 outsize=5128 ok=1
Cmd: preprocessCompute
  insize=6264 outsize=6266 ok=1
Cmd: preprocess
  insize=10132 outsize=423 ok=1
Cmd: preprocessCompute
  insize=1598 outsize=1600 ok=1
Cmd: preprocessCompute
  insize=5126 outsize=5128 ok=1
Cmd: preprocessCompute
  insize=6264 outsize=6266 ok=1
Cmd: preprocess
  insize=10132 outsize=423 ok=1
Cmd: preprocessCompute
  insize=1598 outsize=1600 ok=1
Cmd: preprocessCompute
  insize=5126 outsize=5128 ok=1
Cmd: preprocessCompute
  insize=6264 outsize=6266 ok=1
Cmd: preprocess
  insize=10132 outsize=423 ok=1
Cmd: preprocessCompute
  insize=1598 outsize=1600 ok=1
Cmd: preprocessCompute
  insize=5126 outsize=5128 ok=1
Cmd: preprocessCompute
  insize=6264 outsize=6266 ok=1
Cmd: preprocess
  insize=10132 outsize=423 ok=1
Cmd: preprocessCompute
  insize=1598 outsize=1600 ok=1
Cmd: preprocessCompute
  insize=5126 outsize=5128 ok=1
Cmd: preprocessCompute
  insize=6264 outsize=6266 ok=1
Cmd: preprocess
  insize=10132 outsize=423 ok=1
Cmd: preprocessCompute
  insize=1598 outsize=1600 ok=1
Cmd: preprocessCompute
  insize=4941 outsize=4943 ok=1
Cmd: preprocessCompute
  insize=5685 outsize=5687 ok=1
Cmd: preprocess
  insize=10225 outsize=423 ok=1
Cmd: preprocessCompute
  insize=1598 outsize=1600 ok=1
Cmd: preprocessCompute
  insize=4941 outsize=4943 ok=1
Cmd: preprocessCompute
  insize=5685 outsize=5687 ok=1
Cmd: preprocess
  insize=10225 outsize=423 ok=1
Cmd: preprocessCompute
  insize=1598 outsize=1600 ok=1
